<?xml version="1.0" encoding="UTF-8"?>
<testsuite name="com.test.metro.automation.MetroTest" tests="1" skipped="0" failures="0" errors="0" timestamp="2018-04-11T21:30:54" hostname="MACC02TV1GSG8WL" time="1.582">
  <properties/>
  <testcase name="getTimeForMyBus" classname="com.test.metro.automation.MetroTest" time="1.582"/>
  <system-out><![CDATA[]]></system-out>
  <system-err><![CDATA[Apr 11, 2018 4:30:54 PM com.test.metro.api.MetroApi doGet
INFO: 
 URI:https://svc.metrotransit.org/NexTrip/Routes?format=json
Apr 11, 2018 4:30:55 PM com.test.metro.automation.MetroTest getMyNextBusTime
INFO: routeId:921
Apr 11, 2018 4:30:55 PM com.test.metro.api.MetroApi doGet
INFO: 
 URI:https://svc.metrotransit.org/NexTrip/Directions/921?format=json
Apr 11, 2018 4:30:55 PM com.test.metro.automation.MetroTest getMyNextBusTime
INFO: directionId:1
Apr 11, 2018 4:30:55 PM com.test.metro.api.MetroApi doGet
INFO: 
 URI:https://svc.metrotransit.org/NexTrip/Stops/921/1?format=json
Apr 11, 2018 4:30:55 PM com.test.metro.automation.MetroTest getMyNextBusTime
INFO: stopId:SNLA
Apr 11, 2018 4:30:55 PM com.test.metro.api.MetroApi doGet
INFO: 
 URI:https://svc.metrotransit.org/NexTrip/921/1/SNLA?format=json
Apr 11, 2018 4:30:55 PM com.test.metro.automation.MetroTest calculateDiff
INFO: 5 Minutes
Apr 11, 2018 4:30:55 PM com.test.metro.automation.MetroTest getMyNextBusTime
INFO: 
 time : 5 Minutes
Apr 11, 2018 4:30:55 PM com.test.metro.api.MetroApi doGet
INFO: 
 URI:https://svc.metrotransit.org/NexTrip/Routes?format=json
Apr 11, 2018 4:30:55 PM com.test.metro.automation.MetroTest getMyNextBusTime
INFO: routeId:906
Apr 11, 2018 4:30:55 PM com.test.metro.api.MetroApi doGet
INFO: 
 URI:https://svc.metrotransit.org/NexTrip/Directions/906?format=json
Apr 11, 2018 4:30:56 PM com.test.metro.automation.MetroTest getMyNextBusTime
INFO: directionId:1
Apr 11, 2018 4:30:56 PM com.test.metro.api.MetroApi doGet
INFO: 
 URI:https://svc.metrotransit.org/NexTrip/Stops/906/1?format=json
Apr 11, 2018 4:30:56 PM com.test.metro.automation.MetroTest getMyNextBusTime
INFO: stopId:
Apr 11, 2018 4:30:56 PM com.test.metro.automation.MetroTest getMyNextBusTime
INFO: 
 time : 
Apr 11, 2018 4:30:56 PM com.test.metro.api.MetroApi doGet
INFO: 
 URI:https://svc.metrotransit.org/NexTrip/Routes?format=json
Apr 11, 2018 4:30:56 PM com.test.metro.automation.MetroTest getMyNextBusTime
INFO: routeId:
Apr 11, 2018 4:30:56 PM com.test.metro.automation.MetroTest getMyNextBusTime
INFO: 
 time : 
]]></system-err>
</testsuite>
